$ storybook build --output-dir /var/folders/fg/80wq6pxj4m7cgv1mt94580_00000gn/T/chromatic--96644-JH1fvIK5kA3s
storybook v8.2.9

info => Cleaning outputDir: ../../../../../var/folders/fg/80wq6pxj4m7cgv1mt94580_00000gn/T/chromatic--96644-JH1fvIK5kA3s
info => Loading presets
info => Building manager..
info => Manager built (83 ms)
info => Building preview..
WARN No story files found for the specified pattern: src/**/*.mdx
info => Loading Webpack configuration from `node_modules/react-scripts`
info => Removing existing JavaScript and TypeScript rules.
info => Modifying Create React App rules.
info => Using default Webpack5 setup
info => Copying static files: public at ../../../../../var/folders/fg/80wq6pxj4m7cgv1mt94580_00000gn/T/chromatic--96644-JH1fvIK5kA3s
WARN [eslint] 
WARN src/components/Button/DropButton.tsx
WARN   Line 27:5:  React Hook useEffect has a missing dependency: 'popupVisible'. Either include it or remove the dependency array  react-hooks/exhaustive-deps
WARN 
WARN src/components/InputField/MaskInput.tsx
WARN   Line 36:5:   React Hook useEffect has a missing dependency: 'value'. Either include it or remove the dependency array                                                                                                                                                                                                    react-hooks/exhaustive-deps
WARN   Line 45:5:   React Hook useEffect has a missing dependency: 'props'. Either include it or remove the dependency array. However, 'props' will change when *any* prop changes, so the preferred fix is to destructure the 'props' object outside of the useEffect call and refer to those specific props inside useEffect  react-hooks/exhaustive-deps
WARN   Line 51:5:   React Hook useEffect has missing dependencies: 'props.sectionRightIcon', 'props.sectionType', and 'props.tooltip'. Either include them or remove the dependency array                                                                                                                                       react-hooks/exhaustive-deps
WARN   Line 170:7:  aria-not-empty: This attribute is an invalid ARIA attribute                                                                                                                                                                                                                                                 jsx-a11y/aria-props
WARN 
WARN src/components/InputField/NumberInput.tsx
WARN   Line 36:5:    React Hook useEffect has a missing dependency: 'value'. Either include it or remove the dependency array                                                               react-hooks/exhaustive-deps
WARN   Line 122:5:   React Hook useEffect has missing dependencies: 'props.sectionRightIcon', 'props.sectionType', and 'props.tooltip'. Either include them or remove the dependency array  react-hooks/exhaustive-deps
WARN   Line 176:57:  Expected '===' and instead saw '=='                                                                                                                                    eqeqeq
WARN 
WARN src/components/InputField/TextField.tsx
WARN   Line 19:5:   React Hook useEffect has a missing dependency: 'value'. Either include it or remove the dependency array       react-hooks/exhaustive-deps
WARN   Line 122:6:  The attribute aria-valuetext is not supported by the role textbox. This role is implicit on the element input  jsx-a11y/role-supports-aria-props
WARN 
WARN src/components/InputField/Textarea.tsx
WARN   Line 21:5:  React Hook useEffect has a missing dependency: 'value'. Either include it or remove the dependency array          react-hooks/exhaustive-deps
WARN   Line 76:5:  The attribute aria-valuetext is not supported by the role textbox. This role is implicit on the element textarea  jsx-a11y/role-supports-aria-props
WARN 
WARN src/components/Popover/Popover.tsx
WARN   Line 24:5:  React Hook useEffect has a missing dependency: 'props'. Either include it or remove the dependency array. However, 'props' will change when *any* prop changes, so the preferred fix is to destructure the 'props' object outside of the useEffect call and refer to those specific props inside useEffect  react-hooks/exhaustive-deps
WARN   Line 30:5:  React Hook useEffect has a missing dependency: 'popupVisible'. Either include it or remove the dependency array                                                                                                                                                                                             react-hooks/exhaustive-deps
WARN 
WARN src/constant.ts
WARN   Line 1:37:  Unnecessary escape character: \.  no-useless-escape
WARN   Line 1:55:  Unnecessary escape character: \.  no-useless-escape
WARN   Line 3:67:  Unnecessary escape character: \-  no-useless-escape
WARN   Line 3:69:  Unnecessary escape character: \.  no-useless-escape
WARN 
WARN src/stories/Accordion.stories.tsx
WARN   Line 2:25:  'StoryObj' is defined but never used  @typescript-eslint/no-unused-vars
WARN 
WARN src/stories/Avatar.stories.tsx
WARN   Line 3:18:  'Button' is defined but never used        @typescript-eslint/no-unused-vars
WARN   Line 3:35:  'IButtonProps' is defined but never used  @typescript-eslint/no-unused-vars
WARN 
WARN src/stories/AvatarGroup.stories.tsx
WARN   Line 3:45:  'ITabGroup' is defined but never used  @typescript-eslint/no-unused-vars
WARN   Line 3:56:  'Tab' is defined but never used        @typescript-eslint/no-unused-vars
WARN   Line 3:61:  'Tabs' is defined but never used       @typescript-eslint/no-unused-vars
WARN   Line 4:10:  'useState' is defined but never used   @typescript-eslint/no-unused-vars
WARN 
WARN src/stories/Breadcrumbs.stories.tsx
WARN   Line 3:16:  'StoryFn' is defined but never used  @typescript-eslint/no-unused-vars
WARN 
WARN src/stories/InputFields/Textarea.stories.tsx
WARN   Line 3:10:  'InputField' is defined but never used      @typescript-eslint/no-unused-vars
WARN   Line 3:38:  'ITextField' is defined but never used      @typescript-eslint/no-unused-vars
WARN   Line 5:10:  'EnvelopeSimple' is defined but never used  @typescript-eslint/no-unused-vars
WARN 
WARN src/stories/Popover.stories.tsx
WARN   Line 99:7:  'options' is assigned a value but never used  @typescript-eslint/no-unused-vars
WARN 
WARN src/stories/Typography.stories.tsx
WARN   Line 2:10:  'Circle' is defined but never used        @typescript-eslint/no-unused-vars
WARN   Line 4:10:  'Button' is defined but never used        @typescript-eslint/no-unused-vars
WARN   Line 4:18:  'IButtonProps' is defined but never used  @typescript-eslint/no-unused-vars
WARN 
WARN 
WARN entrypoint size limit: The following entrypoint(s) combined asset size exceeds the recommended limit (244 KiB). This can impact web performance.
WARN Entrypoints:
WARN   main (266 KiB)
WARN       runtime~main.6c2b7f7d.iframe.bundle.js
WARN       477.05c097e5.iframe.bundle.js
WARN       static/css/main.dfa42fd4.css
WARN       main.69f90792.iframe.bundle.js
WARN 
info => Preview built (5.14 s)
info => Output directory: /var/folders/fg/80wq6pxj4m7cgv1mt94580_00000gn/T/chromatic--96644-JH1fvIK5kA3s
